Using pre-set license
Built from '2020.3/staging' branch; Version is '2020.3.24f1 (79c78de19888) revision 7980941'; Using compiler version '192528614'; Build Type 'Release'
OS: 'Windows 10  (10.0.19042) 64bit Professional' Language: 'en' Physical Memory: 16295 MB
BatchMode: 1, IsHumanControllingUs: 0, StartBugReporterOnCrash: 0, Is64bit: 1, IsPro: 0

COMMAND LINE ARGUMENTS:
C:\Program Files\Unity\Hub\Editor\2020.3.24f1\Editor\Unity.exe
-adb2
-batchMode
-noUpm
-name
AssetImportWorker0
-projectPath
C:/Users/Charlese/Desktop/Energy-Saving-Game
-logFile
Logs/AssetImportWorker0.log
-srvPort
54876
Successfully changed project path to: C:/Users/Charlese/Desktop/Energy-Saving-Game
C:/Users/Charlese/Desktop/Energy-Saving-Game
Using Asset Import Pipeline V2.
Refreshing native plugins compatible for Editor in 61.81 ms, found 3 plugins.
Preloading 0 native plugins for Editor in 0.00 ms.
Initialize engine version: 2020.3.24f1 (79c78de19888)
[Subsystems] Discovering subsystems at path C:/Program Files/Unity/Hub/Editor/2020.3.24f1/Editor/Data/Resources/UnitySubsystems
[Subsystems] Discovering subsystems at path C:/Users/Charlese/Desktop/Energy-Saving-Game/Assets
GfxDevice: creating device client; threaded=0
Direct3D:
    Version:  Direct3D 11.0 [level 11.1]
    Renderer: NVIDIA GeForce GTX 1650 (ID=0x1f82)
    Vendor:   
    VRAM:     3962 MB
    Driver:   27.21.14.5671
Initialize mono
Mono path[0] = 'C:/Program Files/Unity/Hub/Editor/2020.3.24f1/Editor/Data/Managed'
Mono path[1] = 'C:/Program Files/Unity/Hub/Editor/2020.3.24f1/Editor/Data/MonoBleedingEdge/lib/mono/unityjit'
Mono config path = 'C:/Program Files/Unity/Hub/Editor/2020.3.24f1/Editor/Data/MonoBleedingEdge/etc'
Using monoOptions --debugger-agent=transport=dt_socket,embedding=1,server=y,suspend=n,address=127.0.0.1:56260
Begin MonoManager ReloadAssembly
Registering precompiled unity dll's ...
Register platform support module: C:/Program Files/Unity/Hub/Editor/2020.3.24f1/Editor/Data/PlaybackEngines/WindowsStandaloneSupport/UnityEditor.WindowsStandalone.Extensions.dll
Registered in 0.004137 seconds.
Native extension for WindowsStandalone target not found
Refreshing native plugins compatible for Editor in 56.02 ms, found 3 plugins.
Preloading 0 native plugins for Editor in 0.00 ms.
Mono: successfully reloaded assembly
- Completed reload, in  0.748 seconds
Domain Reload Profiling:
	ReloadAssembly (749ms)
		BeginReloadAssembly (71ms)
			ExecutionOrderSort (0ms)
			DisableScriptedObjects (0ms)
			BackupInstance (0ms)
			ReleaseScriptingObjects (0ms)
			CreateAndSetChildDomain (1ms)
		EndReloadAssembly (571ms)
			LoadAssemblies (66ms)
			RebuildTransferFunctionScriptingTraits (0ms)
			SetupTypeCache (205ms)
			ReleaseScriptCaches (0ms)
			RebuildScriptCaches (30ms)
			SetupLoadedEditorAssemblies (208ms)
				LogAssemblyErrors (0ms)
				InitializePlatformSupportModulesInManaged (5ms)
				SetLoadedEditorAssemblies (0ms)
				RefreshPlugins (57ms)
				BeforeProcessingInitializeOnLoad (19ms)
				ProcessInitializeOnLoadAttributes (93ms)
				ProcessInitializeOnLoadMethodAttributes (34ms)
				AfterProcessingInitializeOnLoad (0ms)
				EditorAssembliesLoaded (0ms)
			ExecutionOrderSort2 (0ms)
			AwakeInstancesAfterBackupRestoration (0ms)
Platform modules already initialized, skipping
Registering precompiled user dll's ...
Registered in 0.007330 seconds.
Begin MonoManager ReloadAssembly
Native extension for WindowsStandalone target not found
Refreshing native plugins compatible for Editor in 46.77 ms, found 3 plugins.
Preloading 0 native plugins for Editor in 0.00 ms.
Mono: successfully reloaded assembly
- Completed reload, in  1.302 seconds
Domain Reload Profiling:
	ReloadAssembly (1304ms)
		BeginReloadAssembly (188ms)
			ExecutionOrderSort (0ms)
			DisableScriptedObjects (5ms)
			BackupInstance (0ms)
			ReleaseScriptingObjects (0ms)
			CreateAndSetChildDomain (30ms)
		EndReloadAssembly (1024ms)
			LoadAssemblies (124ms)
			RebuildTransferFunctionScriptingTraits (0ms)
			SetupTypeCache (373ms)
			ReleaseScriptCaches (1ms)
			RebuildScriptCaches (47ms)
			SetupLoadedEditorAssemblies (367ms)
				LogAssemblyErrors (0ms)
				InitializePlatformSupportModulesInManaged (4ms)
				SetLoadedEditorAssemblies (0ms)
				RefreshPlugins (47ms)
				BeforeProcessingInitializeOnLoad (85ms)
				ProcessInitializeOnLoadAttributes (202ms)
				ProcessInitializeOnLoadMethodAttributes (18ms)
				AfterProcessingInitializeOnLoad (11ms)
				EditorAssembliesLoaded (0ms)
			ExecutionOrderSort2 (0ms)
			AwakeInstancesAfterBackupRestoration (6ms)
Platform modules already initialized, skipping
========================================================================
Worker process is ready to serve import requests
Launched and connected shader compiler UnityShaderCompiler.exe after 0.06 seconds
Refreshing native plugins compatible for Editor in 1.29 ms, found 3 plugins.
Preloading 0 native plugins for Editor in 0.00 ms.
Unloading 2210 Unused Serialized files (Serialized files now loaded: 0)
System memory in use before: 96.3 MB.
System memory in use after: 96.4 MB.

Unloading 28 unused Assets to reduce memory usage. Loaded Objects now: 2644.
Total: 4.859600 ms (FindLiveObjects: 0.361100 ms CreateObjectMapping: 0.058800 ms MarkObjects: 4.309200 ms  DeleteObjects: 0.127000 ms)

AssetImportParameters requested are different than current active one (requested -> active):
  custom:framework-win-MediaFoundation: 216162199b28c13a410421893ffa2e32 -> 
  custom:video-decoder-ogg-theora: a1e56fd34408186e4bbccfd4996cb3dc -> 
  custom:container-muxer-webm: aa71ff27fc2769a1b78a27578f13a17b -> 
  custom:container-demuxer-webm: 4f35f7cbe854078d1ac9338744f61a02 -> 
  custom:container-demuxer-ogg: 62fdf1f143b41e24485cea50d1cbac27 -> 
  custom:video-encoder-webm-vp8: eb34c28f22e8b96e1ab97ce403110664 -> 
  custom:video-decoder-webm-vp8: 9c59270c3fd7afecdb556c50c9e8de78 -> 
  custom:audio-decoder-ogg-vorbis: bf7c407c2cedff20999df2af8eb42d56 -> 
  custom:audio-encoder-webm-vorbis: bf7c407c2cedff20999df2af8eb42d56 -> 
========================================================================
Received Import Request.
  path: Assets/UPAToolkit/Resources/UI/merge.png
  artifactKey: Guid(04a895a5a6dd35043a5dc33844f6402c) Importer(815301076,1909f56bfc062723c751e8b465ee728b)
Start importing Assets/UPAToolkit/Resources/UI/merge.png using Guid(04a895a5a6dd35043a5dc33844f6402c) Importer(815301076,1909f56bfc062723c751e8b465ee728b)  -> (artifact id: '4e2eb220239fce5cd4bad0ebc204d787') in 0.158199 seconds 
  Import took 0.162733 seconds .

========================================================================
Received Import Request.
  Time since last request: 0.000514 seconds.
  path: Assets/UPAToolkit/Resources/UI/unlocked.png
  artifactKey: Guid(b689fac7679ddd54188906f99872eceb) Importer(815301076,1909f56bfc062723c751e8b465ee728b)
Start importing Assets/UPAToolkit/Resources/UI/unlocked.png using Guid(b689fac7679ddd54188906f99872eceb) Importer(815301076,1909f56bfc062723c751e8b465ee728b)  -> (artifact id: 'f8ad75f388801db8dd31017970109172') in 0.019329 seconds 
  Import took 0.023728 seconds .

========================================================================
Received Import Request.
  Time since last request: 0.000513 seconds.
  path: Assets/UPAToolkit/Resources/UI/up.png
  artifactKey: Guid(4406d9186278eca4aac1dfaa1f937242) Importer(815301076,1909f56bfc062723c751e8b465ee728b)
Start importing Assets/UPAToolkit/Resources/UI/up.png using Guid(4406d9186278eca4aac1dfaa1f937242) Importer(815301076,1909f56bfc062723c751e8b465ee728b)  -> (artifact id: '188d8da41927e764e406f84d740e73f7') in 0.016791 seconds 
  Import took 0.020630 seconds .

========================================================================
Received Import Request.
  Time since last request: 19.519278 seconds.
  path: Assets/UPAToolkit/Resources/UI/import.png
  artifactKey: Guid(ce62f622c5db5da4ebaf7056ee10c802) Importer(815301076,1909f56bfc062723c751e8b465ee728b)
Start importing Assets/UPAToolkit/Resources/UI/import.png using Guid(ce62f622c5db5da4ebaf7056ee10c802) Importer(815301076,1909f56bfc062723c751e8b465ee728b)  -> (artifact id: 'd56e0f426663d4360d3f99ef416fb9f8') in 0.018693 seconds 
  Import took 0.023200 seconds .

========================================================================
Received Import Request.
  Time since last request: 0.000379 seconds.
  path: Assets/UPAToolkit/Resources/UI/locked.png
  artifactKey: Guid(30c02b3c1d5bb114cb1c024a2445dd2b) Importer(815301076,1909f56bfc062723c751e8b465ee728b)
Start importing Assets/UPAToolkit/Resources/UI/locked.png using Guid(30c02b3c1d5bb114cb1c024a2445dd2b) Importer(815301076,1909f56bfc062723c751e8b465ee728b)  -> (artifact id: '60ef2c3c96a924756f7adfbfd3520463') in 0.016844 seconds 
  Import took 0.021661 seconds .

========================================================================
Received Import Request.
  Time since last request: 0.359560 seconds.
  path: Assets/UPAToolkit/Resources/UI/duplicate.png
  artifactKey: Guid(ee610cd8259c0d84dac679de58d926c8) Importer(815301076,1909f56bfc062723c751e8b465ee728b)
Start importing Assets/UPAToolkit/Resources/UI/duplicate.png using Guid(ee610cd8259c0d84dac679de58d926c8) Importer(815301076,1909f56bfc062723c751e8b465ee728b)  -> (artifact id: '35de7fbba26af824ec165186171036ee') in 0.016026 seconds 
  Import took 0.020394 seconds .

========================================================================
Received Import Request.
  Time since last request: 0.000337 seconds.
  path: Assets/UPAToolkit/Resources/UI/edit.png
  artifactKey: Guid(26d4d4dda8764a84da9a0520091138c4) Importer(815301076,1909f56bfc062723c751e8b465ee728b)
Start importing Assets/UPAToolkit/Resources/UI/edit.png using Guid(26d4d4dda8764a84da9a0520091138c4) Importer(815301076,1909f56bfc062723c751e8b465ee728b)  -> (artifact id: '90b50df5c8ed8b9b1acc7bb9881d5881') in 0.015700 seconds 
  Import took 0.020318 seconds .

========================================================================
Received Import Request.
  Time since last request: 0.024341 seconds.
  path: Assets/UPAToolkit/Resources/UI/delete.png
  artifactKey: Guid(1bc8c975c5759b74085204be14c2641f) Importer(815301076,1909f56bfc062723c751e8b465ee728b)
Start importing Assets/UPAToolkit/Resources/UI/delete.png using Guid(1bc8c975c5759b74085204be14c2641f) Importer(815301076,1909f56bfc062723c751e8b465ee728b)  -> (artifact id: '36987c9147afc961e43aea994e78ee4a') in 0.015773 seconds 
  Import took 0.020173 seconds .

========================================================================
Received Import Request.
  Time since last request: 0.000351 seconds.
  path: Assets/UPAToolkit/Resources/UI/down.png
  artifactKey: Guid(78912e669fb20e84a88448eb32f4dd26) Importer(815301076,1909f56bfc062723c751e8b465ee728b)
Start importing Assets/UPAToolkit/Resources/UI/down.png using Guid(78912e669fb20e84a88448eb32f4dd26) Importer(815301076,1909f56bfc062723c751e8b465ee728b)  -> (artifact id: 'f4dde1f7ac896994e61d1f86f6082b94') in 0.017721 seconds 
  Import took 0.022238 seconds .

========================================================================
Received Import Request.
  Time since last request: 1.774694 seconds.
  path: Assets/UPAToolkit/Resources/UI/add.png
  artifactKey: Guid(58e292036e90c0f408abd69e0a12d958) Importer(815301076,1909f56bfc062723c751e8b465ee728b)
Start importing Assets/UPAToolkit/Resources/UI/add.png using Guid(58e292036e90c0f408abd69e0a12d958) Importer(815301076,1909f56bfc062723c751e8b465ee728b)  -> (artifact id: '639ef8d9a4435e01951c639f48fd6cdb') in 0.016739 seconds 
  Import took 0.021269 seconds .

========================================================================
Received Import Request.
  Time since last request: 34.773400 seconds.
  path: Assets/Prefabs/2d draggable.prefab
  artifactKey: Guid(2a2828d15801d8e4d92c7359d3c8eac0) Importer(815301076,1909f56bfc062723c751e8b465ee728b)
Start importing Assets/Prefabs/2d draggable.prefab using Guid(2a2828d15801d8e4d92c7359d3c8eac0) Importer(815301076,1909f56bfc062723c751e8b465ee728b)  -> (artifact id: '48c66f8884f53ce7529b567981d32520') in 0.041908 seconds 
  Import took 0.047392 seconds .

========================================================================
Received Import Request.
  Time since last request: 0.000366 seconds.
  path: Assets/Prefabs/Socket.prefab
  artifactKey: Guid(02bd765b5cb660647a891c19696de683) Importer(815301076,1909f56bfc062723c751e8b465ee728b)
Start importing Assets/Prefabs/Socket.prefab using Guid(02bd765b5cb660647a891c19696de683) Importer(815301076,1909f56bfc062723c751e8b465ee728b)  -> (artifact id: 'd3a2608bc47114005ebd5b5f07d236f1') in 0.015440 seconds 
  Import took 0.019481 seconds .

========================================================================
Received Prepare
Registering precompiled user dll's ...
Registered in 0.006207 seconds.
Begin MonoManager ReloadAssembly
Native extension for WindowsStandalone target not found
Refreshing native plugins compatible for Editor in 0.87 ms, found 3 plugins.
Preloading 0 native plugins for Editor in 0.00 ms.
Mono: successfully reloaded assembly
- Completed reload, in  1.066 seconds
Domain Reload Profiling:
	ReloadAssembly (1067ms)
		BeginReloadAssembly (128ms)
			ExecutionOrderSort (0ms)
			DisableScriptedObjects (5ms)
			BackupInstance (0ms)
			ReleaseScriptingObjects (0ms)
			CreateAndSetChildDomain (38ms)
		EndReloadAssembly (866ms)
			LoadAssemblies (92ms)
			RebuildTransferFunctionScriptingTraits (0ms)
			SetupTypeCache (330ms)
			ReleaseScriptCaches (1ms)
			RebuildScriptCaches (43ms)
			SetupLoadedEditorAssemblies (298ms)
				LogAssemblyErrors (0ms)
				InitializePlatformSupportModulesInManaged (4ms)
				SetLoadedEditorAssemblies (0ms)
				RefreshPlugins (1ms)
				BeforeProcessingInitializeOnLoad (88ms)
				ProcessInitializeOnLoadAttributes (184ms)
				ProcessInitializeOnLoadMethodAttributes (10ms)
				AfterProcessingInitializeOnLoad (10ms)
				EditorAssembliesLoaded (0ms)
			ExecutionOrderSort2 (0ms)
			AwakeInstancesAfterBackupRestoration (9ms)
Platform modules already initialized, skipping
Refreshing native plugins compatible for Editor in 0.70 ms, found 3 plugins.
Preloading 0 native plugins for Editor in 0.00 ms.
Unloading 2199 Unused Serialized files (Serialized files now loaded: 0)
System memory in use before: 98.7 MB.
System memory in use after: 98.9 MB.

Unloading 21 unused Assets to reduce memory usage. Loaded Objects now: 2656.
Total: 3.431200 ms (FindLiveObjects: 0.348200 ms CreateObjectMapping: 0.061100 ms MarkObjects: 2.931900 ms  DeleteObjects: 0.088300 ms)

AssetImportParameters requested are different than current active one (requested -> active):
  custom:framework-win-MediaFoundation: 216162199b28c13a410421893ffa2e32 -> 
  custom:video-decoder-ogg-theora: a1e56fd34408186e4bbccfd4996cb3dc -> 
  custom:container-muxer-webm: aa71ff27fc2769a1b78a27578f13a17b -> 
  custom:container-demuxer-webm: 4f35f7cbe854078d1ac9338744f61a02 -> 
  custom:container-demuxer-ogg: 62fdf1f143b41e24485cea50d1cbac27 -> 
  custom:video-encoder-webm-vp8: eb34c28f22e8b96e1ab97ce403110664 -> 
  custom:video-decoder-webm-vp8: 9c59270c3fd7afecdb556c50c9e8de78 -> 
  custom:audio-decoder-ogg-vorbis: bf7c407c2cedff20999df2af8eb42d56 -> 
  custom:audio-encoder-webm-vorbis: bf7c407c2cedff20999df2af8eb42d56 -> 
========================================================================
Received Import Request.
  Time since last request: 16.275882 seconds.
  path: Assets/Prefabs/2d draggable.prefab
  artifactKey: Guid(2a2828d15801d8e4d92c7359d3c8eac0) Importer(815301076,1909f56bfc062723c751e8b465ee728b)
Start importing Assets/Prefabs/2d draggable.prefab using Guid(2a2828d15801d8e4d92c7359d3c8eac0) Importer(815301076,1909f56bfc062723c751e8b465ee728b)  -> (artifact id: '1a235fc4f062db32729bf74f7e00c6bb') in 0.055563 seconds 
  Import took 0.059934 seconds .

========================================================================
Received Import Request.
  Time since last request: 0.833677 seconds.
  path: Assets/Prefabs/2d draggable.prefab
  artifactKey: Guid(2a2828d15801d8e4d92c7359d3c8eac0) Importer(815301076,1909f56bfc062723c751e8b465ee728b)
Start importing Assets/Prefabs/2d draggable.prefab using Guid(2a2828d15801d8e4d92c7359d3c8eac0) Importer(815301076,1909f56bfc062723c751e8b465ee728b)  -> (artifact id: '4cd4ed3821a029600cd46a2835115598') in 0.015606 seconds 
  Import took 0.020085 seconds .

========================================================================
Received Import Request.
  Time since last request: 685.296982 seconds.
  path: Assets/Battery Image.png
  artifactKey: Guid(cd262247985b33b438607d135ea7b614) Importer(815301076,1909f56bfc062723c751e8b465ee728b)
Start importing Assets/Battery Image.png using Guid(cd262247985b33b438607d135ea7b614) Importer(815301076,1909f56bfc062723c751e8b465ee728b)  -> (artifact id: 'bb7e95835f7b88600a0a40c7aa492771') in 0.049084 seconds 
  Import took 0.054854 seconds .

========================================================================
Received Import Request.
  Time since last request: 13.239553 seconds.
  path: Assets/Scenes/Main Scene.unity
  artifactKey: Guid(b6eecc3b0c4f2d846a6963098c314b39) Importer(815301076,1909f56bfc062723c751e8b465ee728b)
Start importing Assets/Scenes/Main Scene.unity using Guid(b6eecc3b0c4f2d846a6963098c314b39) Importer(815301076,1909f56bfc062723c751e8b465ee728b)  -> (artifact id: 'e31a259283bc5889378329aa6634b27f') in 0.006752 seconds 
  Import took 0.011907 seconds .

========================================================================
Received Import Request.
  Time since last request: 11.360796 seconds.
  path: Assets/Prefabs/2d draggable.prefab
  artifactKey: Guid(2a2828d15801d8e4d92c7359d3c8eac0) Importer(815301076,1909f56bfc062723c751e8b465ee728b)
Start importing Assets/Prefabs/2d draggable.prefab using Guid(2a2828d15801d8e4d92c7359d3c8eac0) Importer(815301076,1909f56bfc062723c751e8b465ee728b)  -> (artifact id: '7bda3b5b4ad19753865fa8f39834a83f') in 0.015496 seconds 
  Import took 0.020617 seconds .

========================================================================
Received Import Request.
  Time since last request: 25.039611 seconds.
  path: Assets/Prefabs/2d draggable.prefab
  artifactKey: Guid(2a2828d15801d8e4d92c7359d3c8eac0) Importer(815301076,1909f56bfc062723c751e8b465ee728b)
Start importing Assets/Prefabs/2d draggable.prefab using Guid(2a2828d15801d8e4d92c7359d3c8eac0) Importer(815301076,1909f56bfc062723c751e8b465ee728b)  -> (artifact id: 'ed91ca0cba69dd5a15f81791d27cae32') in 0.017097 seconds 
  Import took 0.022204 seconds .

========================================================================
Received Import Request.
  Time since last request: 4.204358 seconds.
  path: Assets/Prefabs/2d draggable.prefab
  artifactKey: Guid(2a2828d15801d8e4d92c7359d3c8eac0) Importer(815301076,1909f56bfc062723c751e8b465ee728b)
Start importing Assets/Prefabs/2d draggable.prefab using Guid(2a2828d15801d8e4d92c7359d3c8eac0) Importer(815301076,1909f56bfc062723c751e8b465ee728b)  -> (artifact id: '8e65b8ca02ffff9580e2875f3175eab7') in 0.014429 seconds 
  Import took 0.019826 seconds .

========================================================================
Received Import Request.
  Time since last request: 3.818328 seconds.
  path: Assets/Prefabs/2d draggable.prefab
  artifactKey: Guid(2a2828d15801d8e4d92c7359d3c8eac0) Importer(815301076,1909f56bfc062723c751e8b465ee728b)
Start importing Assets/Prefabs/2d draggable.prefab using Guid(2a2828d15801d8e4d92c7359d3c8eac0) Importer(815301076,1909f56bfc062723c751e8b465ee728b)  -> (artifact id: 'cf130ba9b153ed4eab13969675d81bb7') in 0.013577 seconds 
  Import took 0.018418 seconds .

========================================================================
Received Import Request.
  Time since last request: 1.197993 seconds.
  path: Assets/Prefabs/2d draggable.prefab
  artifactKey: Guid(2a2828d15801d8e4d92c7359d3c8eac0) Importer(815301076,1909f56bfc062723c751e8b465ee728b)
Start importing Assets/Prefabs/2d draggable.prefab using Guid(2a2828d15801d8e4d92c7359d3c8eac0) Importer(815301076,1909f56bfc062723c751e8b465ee728b)  -> (artifact id: '6917c96910cc6f3ec89ae092cc61026b') in 0.015298 seconds 
  Import took 0.019769 seconds .

========================================================================
Received Import Request.
  Time since last request: 15.282677 seconds.
  path: Assets/Battery Image.asset
  artifactKey: Guid(d6ba0ab2957e8ec43a8994ba3deb9926) Importer(815301076,1909f56bfc062723c751e8b465ee728b)
Start importing Assets/Battery Image.asset using Guid(d6ba0ab2957e8ec43a8994ba3deb9926) Importer(815301076,1909f56bfc062723c751e8b465ee728b)  -> (artifact id: '172eceeea12a4702aed77d92907ab0b3') in 0.010207 seconds 
  Import took 0.014962 seconds .

========================================================================
Received Import Request.
  Time since last request: 0.101130 seconds.
  path: Assets/Prefabs/2d draggable.prefab
  artifactKey: Guid(2a2828d15801d8e4d92c7359d3c8eac0) Importer(815301076,1909f56bfc062723c751e8b465ee728b)
Start importing Assets/Prefabs/2d draggable.prefab using Guid(2a2828d15801d8e4d92c7359d3c8eac0) Importer(815301076,1909f56bfc062723c751e8b465ee728b)  -> (artifact id: '13185cd31dffb12bfd5c7aab98ffa4d3') in 0.014435 seconds 
  Import took 0.019965 seconds .

========================================================================
Received Import Request.
  Time since last request: 5.620029 seconds.
  path: Assets/Prefabs/2d draggable.prefab
  artifactKey: Guid(2a2828d15801d8e4d92c7359d3c8eac0) Importer(815301076,1909f56bfc062723c751e8b465ee728b)
Start importing Assets/Prefabs/2d draggable.prefab using Guid(2a2828d15801d8e4d92c7359d3c8eac0) Importer(815301076,1909f56bfc062723c751e8b465ee728b)  -> (artifact id: '7f4a53e677789064f790c0a3b5883b82') in 0.020949 seconds 
  Import took 0.025508 seconds .

========================================================================
Received Import Request.
  Time since last request: 112.711567 seconds.
  path: Assets/Prefabs/2d draggable.prefab
  artifactKey: Guid(2a2828d15801d8e4d92c7359d3c8eac0) Importer(815301076,1909f56bfc062723c751e8b465ee728b)
Start importing Assets/Prefabs/2d draggable.prefab using Guid(2a2828d15801d8e4d92c7359d3c8eac0) Importer(815301076,1909f56bfc062723c751e8b465ee728b)  -> (artifact id: '10aa294b249491aee18e4a887c840980') in 0.016120 seconds 
  Import took 0.021266 seconds .

========================================================================
Received Import Request.
  Time since last request: 5.497311 seconds.
  path: Assets/Prefabs/2d draggable.prefab
  artifactKey: Guid(2a2828d15801d8e4d92c7359d3c8eac0) Importer(815301076,1909f56bfc062723c751e8b465ee728b)
Start importing Assets/Prefabs/2d draggable.prefab using Guid(2a2828d15801d8e4d92c7359d3c8eac0) Importer(815301076,1909f56bfc062723c751e8b465ee728b)  -> (artifact id: '1ef11a87b1d339f5912dea2fb604bfbd') in 0.014353 seconds 
  Import took 0.019202 seconds .

========================================================================
Received Import Request.
  Time since last request: 5.135317 seconds.
  path: Assets/Prefabs/2d draggable.prefab
  artifactKey: Guid(2a2828d15801d8e4d92c7359d3c8eac0) Importer(815301076,1909f56bfc062723c751e8b465ee728b)
Start importing Assets/Prefabs/2d draggable.prefab using Guid(2a2828d15801d8e4d92c7359d3c8eac0) Importer(815301076,1909f56bfc062723c751e8b465ee728b)  -> (artifact id: 'bb5bf9ea290dbc084d4e341125b8c83a') in 0.018977 seconds 
  Import took 0.024385 seconds .

========================================================================
Received Import Request.
  Time since last request: 5.938424 seconds.
  path: Assets/Prefabs/2d draggable.prefab
  artifactKey: Guid(2a2828d15801d8e4d92c7359d3c8eac0) Importer(815301076,1909f56bfc062723c751e8b465ee728b)
Start importing Assets/Prefabs/2d draggable.prefab using Guid(2a2828d15801d8e4d92c7359d3c8eac0) Importer(815301076,1909f56bfc062723c751e8b465ee728b)  -> (artifact id: '7c3a1bc9a5f2916c9f9d89fe401d168d') in 0.024494 seconds 
  Import took 0.030354 seconds .

========================================================================
Received Import Request.
  Time since last request: 6.473524 seconds.
  path: Assets/Prefabs/2d draggable.prefab
  artifactKey: Guid(2a2828d15801d8e4d92c7359d3c8eac0) Importer(815301076,1909f56bfc062723c751e8b465ee728b)
Start importing Assets/Prefabs/2d draggable.prefab using Guid(2a2828d15801d8e4d92c7359d3c8eac0) Importer(815301076,1909f56bfc062723c751e8b465ee728b)  -> (artifact id: 'e7fb152c9f3defd3801a207d5160f8e5') in 0.014650 seconds 
  Import took 0.019647 seconds .

========================================================================
Received Import Request.
  Time since last request: 8.052716 seconds.
  path: Assets/Prefabs/2d draggable.prefab
  artifactKey: Guid(2a2828d15801d8e4d92c7359d3c8eac0) Importer(815301076,1909f56bfc062723c751e8b465ee728b)
Start importing Assets/Prefabs/2d draggable.prefab using Guid(2a2828d15801d8e4d92c7359d3c8eac0) Importer(815301076,1909f56bfc062723c751e8b465ee728b)  -> (artifact id: '8c91095f6645f0bd41e123fc7ed6266c') in 0.022792 seconds 
  Import took 0.027546 seconds .

========================================================================
Received Import Request.
  Time since last request: 5.819308 seconds.
  path: Assets/Prefabs/2d draggable.prefab
  artifactKey: Guid(2a2828d15801d8e4d92c7359d3c8eac0) Importer(815301076,1909f56bfc062723c751e8b465ee728b)
Start importing Assets/Prefabs/2d draggable.prefab using Guid(2a2828d15801d8e4d92c7359d3c8eac0) Importer(815301076,1909f56bfc062723c751e8b465ee728b)  -> (artifact id: 'a76807ec2aaa18750783f715974f265a') in 0.014858 seconds 
  Import took 0.019969 seconds .

========================================================================
Received Import Request.
  Time since last request: 3.423260 seconds.
  path: Assets/Prefabs/2d draggable.prefab
  artifactKey: Guid(2a2828d15801d8e4d92c7359d3c8eac0) Importer(815301076,1909f56bfc062723c751e8b465ee728b)
Start importing Assets/Prefabs/2d draggable.prefab using Guid(2a2828d15801d8e4d92c7359d3c8eac0) Importer(815301076,1909f56bfc062723c751e8b465ee728b)  -> (artifact id: '000b89f6c223d815d7d5ed47ffc03bd9') in 0.021190 seconds 
  Import took 0.025735 seconds .

========================================================================
Received Import Request.
  Time since last request: 4.010928 seconds.
  path: Assets/Prefabs/2d draggable.prefab
  artifactKey: Guid(2a2828d15801d8e4d92c7359d3c8eac0) Importer(815301076,1909f56bfc062723c751e8b465ee728b)
Start importing Assets/Prefabs/2d draggable.prefab using Guid(2a2828d15801d8e4d92c7359d3c8eac0) Importer(815301076,1909f56bfc062723c751e8b465ee728b)  -> (artifact id: '284d3173913b30b48f47573190666268') in 0.016836 seconds 
  Import took 0.021526 seconds .

========================================================================
Received Import Request.
  Time since last request: 95.972229 seconds.
  path: Assets/Prefabs/2d draggable.prefab
  artifactKey: Guid(2a2828d15801d8e4d92c7359d3c8eac0) Importer(815301076,1909f56bfc062723c751e8b465ee728b)
Start importing Assets/Prefabs/2d draggable.prefab using Guid(2a2828d15801d8e4d92c7359d3c8eac0) Importer(815301076,1909f56bfc062723c751e8b465ee728b)  -> (artifact id: '66480888c470fd987a3cc0cd473aedd3') in 0.020071 seconds 
  Import took 0.024910 seconds .

========================================================================
Received Import Request.
  Time since last request: 8.229503 seconds.
  path: Assets/Prefabs/2d draggable.prefab
  artifactKey: Guid(2a2828d15801d8e4d92c7359d3c8eac0) Importer(815301076,1909f56bfc062723c751e8b465ee728b)
Start importing Assets/Prefabs/2d draggable.prefab using Guid(2a2828d15801d8e4d92c7359d3c8eac0) Importer(815301076,1909f56bfc062723c751e8b465ee728b)  -> (artifact id: 'e175dc7292346ddd8bffa7fed2fc0315') in 0.014877 seconds 
  Import took 0.020391 seconds .

========================================================================
Received Import Request.
  Time since last request: 2.394050 seconds.
  path: Assets/Prefabs/2d draggable.prefab
  artifactKey: Guid(2a2828d15801d8e4d92c7359d3c8eac0) Importer(815301076,1909f56bfc062723c751e8b465ee728b)
Start importing Assets/Prefabs/2d draggable.prefab using Guid(2a2828d15801d8e4d92c7359d3c8eac0) Importer(815301076,1909f56bfc062723c751e8b465ee728b)  -> (artifact id: '0e8a3ac8b7dc97e886c5b089e80f3549') in 0.013266 seconds 
  Import took 0.018154 seconds .

========================================================================
Received Import Request.
  Time since last request: 1.801708 seconds.
  path: Assets/Prefabs/2d draggable.prefab
  artifactKey: Guid(2a2828d15801d8e4d92c7359d3c8eac0) Importer(815301076,1909f56bfc062723c751e8b465ee728b)
Start importing Assets/Prefabs/2d draggable.prefab using Guid(2a2828d15801d8e4d92c7359d3c8eac0) Importer(815301076,1909f56bfc062723c751e8b465ee728b)  -> (artifact id: 'cff4ba024e3ac0447250739e9e1f82c0') in 0.014720 seconds 
  Import took 0.019562 seconds .

========================================================================
Received Import Request.
  Time since last request: 3.204321 seconds.
  path: Assets/Prefabs/2d draggable.prefab
  artifactKey: Guid(2a2828d15801d8e4d92c7359d3c8eac0) Importer(815301076,1909f56bfc062723c751e8b465ee728b)
Start importing Assets/Prefabs/2d draggable.prefab using Guid(2a2828d15801d8e4d92c7359d3c8eac0) Importer(815301076,1909f56bfc062723c751e8b465ee728b)  -> (artifact id: '16806dab4d72db1cc391160231861ad0') in 0.014152 seconds 
  Import took 0.018266 seconds .

========================================================================
Received Import Request.
  Time since last request: 4.014054 seconds.
  path: Assets/Prefabs/2d draggable.prefab
  artifactKey: Guid(2a2828d15801d8e4d92c7359d3c8eac0) Importer(815301076,1909f56bfc062723c751e8b465ee728b)
Start importing Assets/Prefabs/2d draggable.prefab using Guid(2a2828d15801d8e4d92c7359d3c8eac0) Importer(815301076,1909f56bfc062723c751e8b465ee728b)  -> (artifact id: 'b8426544aa76c8300f42d3aaed8bc3d5') in 0.015805 seconds 
  Import took 0.020414 seconds .

========================================================================
Received Prepare
Registering precompiled user dll's ...
Registered in 0.006245 seconds.
Begin MonoManager ReloadAssembly
Native extension for WindowsStandalone target not found
Refreshing native plugins compatible for Editor in 0.60 ms, found 3 plugins.
Preloading 0 native plugins for Editor in 0.00 ms.
Mono: successfully reloaded assembly
- Completed reload, in  1.075 seconds
Domain Reload Profiling:
	ReloadAssembly (1076ms)
		BeginReloadAssembly (135ms)
			ExecutionOrderSort (0ms)
			DisableScriptedObjects (6ms)
			BackupInstance (0ms)
			ReleaseScriptingObjects (0ms)
			CreateAndSetChildDomain (47ms)
		EndReloadAssembly (872ms)
			LoadAssemblies (93ms)
			RebuildTransferFunctionScriptingTraits (0ms)
			SetupTypeCache (331ms)
			ReleaseScriptCaches (1ms)
			RebuildScriptCaches (42ms)
			SetupLoadedEditorAssemblies (303ms)
				LogAssemblyErrors (0ms)
				InitializePlatformSupportModulesInManaged (4ms)
				SetLoadedEditorAssemblies (0ms)
				RefreshPlugins (1ms)
				BeforeProcessingInitializeOnLoad (88ms)
				ProcessInitializeOnLoadAttributes (188ms)
				ProcessInitializeOnLoadMethodAttributes (11ms)
				AfterProcessingInitializeOnLoad (10ms)
				EditorAssembliesLoaded (0ms)
			ExecutionOrderSort2 (0ms)
			AwakeInstancesAfterBackupRestoration (8ms)
Platform modules already initialized, skipping
Refreshing native plugins compatible for Editor in 0.66 ms, found 3 plugins.
Preloading 0 native plugins for Editor in 0.00 ms.
Unloading 2199 Unused Serialized files (Serialized files now loaded: 0)
System memory in use before: 98.8 MB.
System memory in use after: 98.9 MB.

Unloading 19 unused Assets to reduce memory usage. Loaded Objects now: 2661.
Total: 4.242600 ms (FindLiveObjects: 0.320800 ms CreateObjectMapping: 0.064200 ms MarkObjects: 3.778100 ms  DeleteObjects: 0.077600 ms)

AssetImportParameters requested are different than current active one (requested -> active):
  custom:framework-win-MediaFoundation: 216162199b28c13a410421893ffa2e32 -> 
  custom:video-decoder-ogg-theora: a1e56fd34408186e4bbccfd4996cb3dc -> 
  custom:container-muxer-webm: aa71ff27fc2769a1b78a27578f13a17b -> 
  custom:container-demuxer-webm: 4f35f7cbe854078d1ac9338744f61a02 -> 
  custom:container-demuxer-ogg: 62fdf1f143b41e24485cea50d1cbac27 -> 
  custom:video-encoder-webm-vp8: eb34c28f22e8b96e1ab97ce403110664 -> 
  custom:video-decoder-webm-vp8: 9c59270c3fd7afecdb556c50c9e8de78 -> 
  custom:audio-decoder-ogg-vorbis: bf7c407c2cedff20999df2af8eb42d56 -> 
  custom:audio-encoder-webm-vorbis: bf7c407c2cedff20999df2af8eb42d56 -> 
========================================================================
Received Import Request.
  Time since last request: 54.109631 seconds.
  path: Assets/Prefabs/2d draggable.prefab
  artifactKey: Guid(2a2828d15801d8e4d92c7359d3c8eac0) Importer(815301076,1909f56bfc062723c751e8b465ee728b)
Start importing Assets/Prefabs/2d draggable.prefab using Guid(2a2828d15801d8e4d92c7359d3c8eac0) Importer(815301076,1909f56bfc062723c751e8b465ee728b)  -> (artifact id: 'e05353a04c36a5fb469d96c0f30875b8') in 0.057020 seconds 
  Import took 0.061772 seconds .

========================================================================
Received Prepare
Registering precompiled user dll's ...
Registered in 0.006243 seconds.
Begin MonoManager ReloadAssembly
Native extension for WindowsStandalone target not found
Refreshing native plugins compatible for Editor in 0.98 ms, found 3 plugins.
Preloading 0 native plugins for Editor in 0.00 ms.
Mono: successfully reloaded assembly
- Completed reload, in  1.031 seconds
Domain Reload Profiling:
	ReloadAssembly (1031ms)
		BeginReloadAssembly (112ms)
			ExecutionOrderSort (0ms)
			DisableScriptedObjects (5ms)
			BackupInstance (0ms)
			ReleaseScriptingObjects (0ms)
			CreateAndSetChildDomain (38ms)
		EndReloadAssembly (850ms)
			LoadAssemblies (90ms)
			RebuildTransferFunctionScriptingTraits (0ms)
			SetupTypeCache (312ms)
			ReleaseScriptCaches (1ms)
			RebuildScriptCaches (44ms)
			SetupLoadedEditorAssemblies (300ms)
				LogAssemblyErrors (0ms)
				InitializePlatformSupportModulesInManaged (5ms)
				SetLoadedEditorAssemblies (1ms)
				RefreshPlugins (1ms)
				BeforeProcessingInitializeOnLoad (88ms)
				ProcessInitializeOnLoadAttributes (185ms)
				ProcessInitializeOnLoadMethodAttributes (10ms)
				AfterProcessingInitializeOnLoad (9ms)
				EditorAssembliesLoaded (0ms)
			ExecutionOrderSort2 (0ms)
			AwakeInstancesAfterBackupRestoration (9ms)
Platform modules already initialized, skipping
Refreshing native plugins compatible for Editor in 0.62 ms, found 3 plugins.
Preloading 0 native plugins for Editor in 0.00 ms.
Unloading 2199 Unused Serialized files (Serialized files now loaded: 0)
System memory in use before: 98.8 MB.
System memory in use after: 99.0 MB.

Unloading 17 unused Assets to reduce memory usage. Loaded Objects now: 2664.
Total: 4.093200 ms (FindLiveObjects: 0.279200 ms CreateObjectMapping: 0.058000 ms MarkObjects: 3.731000 ms  DeleteObjects: 0.022600 ms)

AssetImportParameters requested are different than current active one (requested -> active):
  custom:framework-win-MediaFoundation: 216162199b28c13a410421893ffa2e32 -> 
  custom:video-decoder-ogg-theora: a1e56fd34408186e4bbccfd4996cb3dc -> 
  custom:container-muxer-webm: aa71ff27fc2769a1b78a27578f13a17b -> 
  custom:container-demuxer-webm: 4f35f7cbe854078d1ac9338744f61a02 -> 
  custom:container-demuxer-ogg: 62fdf1f143b41e24485cea50d1cbac27 -> 
  custom:video-encoder-webm-vp8: eb34c28f22e8b96e1ab97ce403110664 -> 
  custom:video-decoder-webm-vp8: 9c59270c3fd7afecdb556c50c9e8de78 -> 
  custom:audio-decoder-ogg-vorbis: bf7c407c2cedff20999df2af8eb42d56 -> 
  custom:audio-encoder-webm-vorbis: bf7c407c2cedff20999df2af8eb42d56 -> 
========================================================================
Received Import Request.
  Time since last request: 28.695613 seconds.
  path: Assets/Prefabs/2d draggable.prefab
  artifactKey: Guid(2a2828d15801d8e4d92c7359d3c8eac0) Importer(815301076,1909f56bfc062723c751e8b465ee728b)
Start importing Assets/Prefabs/2d draggable.prefab using Guid(2a2828d15801d8e4d92c7359d3c8eac0) Importer(815301076,1909f56bfc062723c751e8b465ee728b)  -> (artifact id: '0e9c796f8c10cd984b526ce54dbf3ec6') in 0.062691 seconds 
  Import took 0.068802 seconds .

========================================================================
Received Import Request.
  Time since last request: 9.641077 seconds.
  path: Assets/Prefabs/2d draggable.prefab
  artifactKey: Guid(2a2828d15801d8e4d92c7359d3c8eac0) Importer(815301076,1909f56bfc062723c751e8b465ee728b)
Start importing Assets/Prefabs/2d draggable.prefab using Guid(2a2828d15801d8e4d92c7359d3c8eac0) Importer(815301076,1909f56bfc062723c751e8b465ee728b)  -> (artifact id: '6a2c1d40b91301d05afe13a470986588') in 0.013908 seconds 
  Import took 0.018510 seconds .

========================================================================
Received Import Request.
  Time since last request: 0.583944 seconds.
  path: Assets/Prefabs/2d draggable.prefab
  artifactKey: Guid(2a2828d15801d8e4d92c7359d3c8eac0) Importer(815301076,1909f56bfc062723c751e8b465ee728b)
Start importing Assets/Prefabs/2d draggable.prefab using Guid(2a2828d15801d8e4d92c7359d3c8eac0) Importer(815301076,1909f56bfc062723c751e8b465ee728b)  -> (artifact id: '6ace7b8ab2e4dc081225a76e4a1fe319') in 0.013489 seconds 
  Import took 0.018382 seconds .

========================================================================
Received Import Request.
  Time since last request: 0.584735 seconds.
  path: Assets/Prefabs/2d draggable.prefab
  artifactKey: Guid(2a2828d15801d8e4d92c7359d3c8eac0) Importer(815301076,1909f56bfc062723c751e8b465ee728b)
Start importing Assets/Prefabs/2d draggable.prefab using Guid(2a2828d15801d8e4d92c7359d3c8eac0) Importer(815301076,1909f56bfc062723c751e8b465ee728b)  -> (artifact id: 'f41e577d0b8c80935d7a8773feaaf245') in 0.013501 seconds 
  Import took 0.018609 seconds .

========================================================================
Received Import Request.
  Time since last request: 1.400565 seconds.
  path: Assets/Prefabs/2d draggable.prefab
  artifactKey: Guid(2a2828d15801d8e4d92c7359d3c8eac0) Importer(815301076,1909f56bfc062723c751e8b465ee728b)
Start importing Assets/Prefabs/2d draggable.prefab using Guid(2a2828d15801d8e4d92c7359d3c8eac0) Importer(815301076,1909f56bfc062723c751e8b465ee728b)  -> (artifact id: '4d3bdc0f81b2c1f460d5e03ab31ba95d') in 0.015459 seconds 
  Import took 0.019955 seconds .

========================================================================
Received Prepare
Registering precompiled user dll's ...
Registered in 0.007099 seconds.
Begin MonoManager ReloadAssembly
Native extension for WindowsStandalone target not found
Refreshing native plugins compatible for Editor in 0.78 ms, found 3 plugins.
Preloading 0 native plugins for Editor in 0.00 ms.
Mono: successfully reloaded assembly
- Completed reload, in  1.057 seconds
Domain Reload Profiling:
	ReloadAssembly (1058ms)
		BeginReloadAssembly (118ms)
			ExecutionOrderSort (0ms)
			DisableScriptedObjects (7ms)
			BackupInstance (0ms)
			ReleaseScriptingObjects (0ms)
			CreateAndSetChildDomain (40ms)
		EndReloadAssembly (872ms)
			LoadAssemblies (93ms)
			RebuildTransferFunctionScriptingTraits (0ms)
			SetupTypeCache (320ms)
			ReleaseScriptCaches (1ms)
			RebuildScriptCaches (42ms)
			SetupLoadedEditorAssemblies (308ms)
				LogAssemblyErrors (0ms)
				InitializePlatformSupportModulesInManaged (5ms)
				SetLoadedEditorAssemblies (0ms)
				RefreshPlugins (1ms)
				BeforeProcessingInitializeOnLoad (88ms)
				ProcessInitializeOnLoadAttributes (194ms)
				ProcessInitializeOnLoadMethodAttributes (11ms)
				AfterProcessingInitializeOnLoad (10ms)
				EditorAssembliesLoaded (0ms)
			ExecutionOrderSort2 (0ms)
			AwakeInstancesAfterBackupRestoration (9ms)
Platform modules already initialized, skipping
Refreshing native plugins compatible for Editor in 0.63 ms, found 3 plugins.
Preloading 0 native plugins for Editor in 0.00 ms.
Unloading 2199 Unused Serialized files (Serialized files now loaded: 0)
System memory in use before: 98.9 MB.
System memory in use after: 99.0 MB.

Unloading 27 unused Assets to reduce memory usage. Loaded Objects now: 2667.
Total: 3.524400 ms (FindLiveObjects: 0.365200 ms CreateObjectMapping: 0.063200 ms MarkObjects: 2.941900 ms  DeleteObjects: 0.152100 ms)

AssetImportParameters requested are different than current active one (requested -> active):
  custom:framework-win-MediaFoundation: 216162199b28c13a410421893ffa2e32 -> 
  custom:video-decoder-ogg-theora: a1e56fd34408186e4bbccfd4996cb3dc -> 
  custom:container-muxer-webm: aa71ff27fc2769a1b78a27578f13a17b -> 
  custom:container-demuxer-webm: 4f35f7cbe854078d1ac9338744f61a02 -> 
  custom:container-demuxer-ogg: 62fdf1f143b41e24485cea50d1cbac27 -> 
  custom:video-encoder-webm-vp8: eb34c28f22e8b96e1ab97ce403110664 -> 
  custom:video-decoder-webm-vp8: 9c59270c3fd7afecdb556c50c9e8de78 -> 
  custom:audio-decoder-ogg-vorbis: bf7c407c2cedff20999df2af8eb42d56 -> 
  custom:audio-encoder-webm-vorbis: bf7c407c2cedff20999df2af8eb42d56 -> 
========================================================================
Received Import Request.
  Time since last request: 59.270563 seconds.
  path: Assets/Prefabs/2d draggable.prefab
  artifactKey: Guid(2a2828d15801d8e4d92c7359d3c8eac0) Importer(815301076,1909f56bfc062723c751e8b465ee728b)
Start importing Assets/Prefabs/2d draggable.prefab using Guid(2a2828d15801d8e4d92c7359d3c8eac0) Importer(815301076,1909f56bfc062723c751e8b465ee728b)  -> (artifact id: 'ffa44dfabe6cfb8332bd7052394b9431') in 0.058711 seconds 
  Import took 0.062922 seconds .

========================================================================
Received Import Request.
  Time since last request: 2.238315 seconds.
  path: Assets/Prefabs/2d draggable.prefab
  artifactKey: Guid(2a2828d15801d8e4d92c7359d3c8eac0) Importer(815301076,1909f56bfc062723c751e8b465ee728b)
Start importing Assets/Prefabs/2d draggable.prefab using Guid(2a2828d15801d8e4d92c7359d3c8eac0) Importer(815301076,1909f56bfc062723c751e8b465ee728b)  -> (artifact id: 'bd751117b2965c27bc9578b6b73fc7e2') in 0.022116 seconds 
  Import took 0.026500 seconds .

========================================================================
Received Import Request.
  Time since last request: 3.405164 seconds.
  path: Assets/Prefabs/2d draggable.prefab
  artifactKey: Guid(2a2828d15801d8e4d92c7359d3c8eac0) Importer(815301076,1909f56bfc062723c751e8b465ee728b)
Start importing Assets/Prefabs/2d draggable.prefab using Guid(2a2828d15801d8e4d92c7359d3c8eac0) Importer(815301076,1909f56bfc062723c751e8b465ee728b)  -> (artifact id: '35cc225a9b2f583974b029feb554721a') in 0.024300 seconds 
  Import took 0.028750 seconds .

========================================================================
Received Import Request.
  Time since last request: 3.188673 seconds.
  path: Assets/Prefabs/2d draggable.prefab
  artifactKey: Guid(2a2828d15801d8e4d92c7359d3c8eac0) Importer(815301076,1909f56bfc062723c751e8b465ee728b)
Start importing Assets/Prefabs/2d draggable.prefab using Guid(2a2828d15801d8e4d92c7359d3c8eac0) Importer(815301076,1909f56bfc062723c751e8b465ee728b)  -> (artifact id: 'b531b9fa1f4657f9c4a621df7cffe8f0') in 0.018536 seconds 
  Import took 0.023580 seconds .

========================================================================
Received Import Request.
  Time since last request: 3.810715 seconds.
  path: Assets/Prefabs/2d draggable.prefab
  artifactKey: Guid(2a2828d15801d8e4d92c7359d3c8eac0) Importer(815301076,1909f56bfc062723c751e8b465ee728b)
Start importing Assets/Prefabs/2d draggable.prefab using Guid(2a2828d15801d8e4d92c7359d3c8eac0) Importer(815301076,1909f56bfc062723c751e8b465ee728b)  -> (artifact id: '5ba5a0872a19164627f7c21a8bd91579') in 0.012863 seconds 
  Import took 0.017101 seconds .

========================================================================
Received Import Request.
  Time since last request: 3.999875 seconds.
  path: Assets/Prefabs/2d draggable.prefab
  artifactKey: Guid(2a2828d15801d8e4d92c7359d3c8eac0) Importer(815301076,1909f56bfc062723c751e8b465ee728b)
Start importing Assets/Prefabs/2d draggable.prefab using Guid(2a2828d15801d8e4d92c7359d3c8eac0) Importer(815301076,1909f56bfc062723c751e8b465ee728b)  -> (artifact id: '5cb6c686367d6c6f28b6145a56dc88e5') in 0.019692 seconds 
  Import took 0.023990 seconds .

========================================================================
Received Import Request.
  Time since last request: 10.648009 seconds.
  path: Assets/Prefabs/2d draggable.prefab
  artifactKey: Guid(2a2828d15801d8e4d92c7359d3c8eac0) Importer(815301076,1909f56bfc062723c751e8b465ee728b)
Start importing Assets/Prefabs/2d draggable.prefab using Guid(2a2828d15801d8e4d92c7359d3c8eac0) Importer(815301076,1909f56bfc062723c751e8b465ee728b)  -> (artifact id: '1180b420f82f9bd7aafc487c929796a7') in 0.014769 seconds 
  Import took 0.019027 seconds .

========================================================================
Received Import Request.
  Time since last request: 3.004619 seconds.
  path: Assets/Prefabs/2d draggable.prefab
  artifactKey: Guid(2a2828d15801d8e4d92c7359d3c8eac0) Importer(815301076,1909f56bfc062723c751e8b465ee728b)
Start importing Assets/Prefabs/2d draggable.prefab using Guid(2a2828d15801d8e4d92c7359d3c8eac0) Importer(815301076,1909f56bfc062723c751e8b465ee728b)  -> (artifact id: '6c02cbb89fa7d6347bc757b8e177a1cb') in 0.020332 seconds 
  Import took 0.024894 seconds .

========================================================================
Received Import Request.
  Time since last request: 4.402189 seconds.
  path: Assets/Prefabs/2d draggable.prefab
  artifactKey: Guid(2a2828d15801d8e4d92c7359d3c8eac0) Importer(815301076,1909f56bfc062723c751e8b465ee728b)
Start importing Assets/Prefabs/2d draggable.prefab using Guid(2a2828d15801d8e4d92c7359d3c8eac0) Importer(815301076,1909f56bfc062723c751e8b465ee728b)  -> (artifact id: '177a0eb48e8f33af54fed143e9259468') in 0.014261 seconds 
  Import took 0.018360 seconds .

========================================================================
Received Import Request.
  Time since last request: 1.794313 seconds.
  path: Assets/Prefabs/2d draggable.prefab
  artifactKey: Guid(2a2828d15801d8e4d92c7359d3c8eac0) Importer(815301076,1909f56bfc062723c751e8b465ee728b)
Start importing Assets/Prefabs/2d draggable.prefab using Guid(2a2828d15801d8e4d92c7359d3c8eac0) Importer(815301076,1909f56bfc062723c751e8b465ee728b)  -> (artifact id: '7da27657be51162ef54755c156d1d768') in 0.014205 seconds 
  Import took 0.018712 seconds .

========================================================================
Received Import Request.
  Time since last request: 4.814452 seconds.
  path: Assets/Prefabs/2d draggable.prefab
  artifactKey: Guid(2a2828d15801d8e4d92c7359d3c8eac0) Importer(815301076,1909f56bfc062723c751e8b465ee728b)
Start importing Assets/Prefabs/2d draggable.prefab using Guid(2a2828d15801d8e4d92c7359d3c8eac0) Importer(815301076,1909f56bfc062723c751e8b465ee728b)  -> (artifact id: 'bf9ccb068e42199c3bddcefcd8499a76') in 0.014554 seconds 
  Import took 0.019157 seconds .

========================================================================
Received Import Request.
  Time since last request: 5.829582 seconds.
  path: Assets/Prefabs/2d draggable.prefab
  artifactKey: Guid(2a2828d15801d8e4d92c7359d3c8eac0) Importer(815301076,1909f56bfc062723c751e8b465ee728b)
Start importing Assets/Prefabs/2d draggable.prefab using Guid(2a2828d15801d8e4d92c7359d3c8eac0) Importer(815301076,1909f56bfc062723c751e8b465ee728b)  -> (artifact id: '1a7235b694997737441ad094d5e4dba4') in 0.013450 seconds 
  Import took 0.018096 seconds .

========================================================================
Received Import Request.
  Time since last request: 1.597129 seconds.
  path: Assets/Prefabs/2d draggable.prefab
  artifactKey: Guid(2a2828d15801d8e4d92c7359d3c8eac0) Importer(815301076,1909f56bfc062723c751e8b465ee728b)
Start importing Assets/Prefabs/2d draggable.prefab using Guid(2a2828d15801d8e4d92c7359d3c8eac0) Importer(815301076,1909f56bfc062723c751e8b465ee728b)  -> (artifact id: '6008e6bcb76cf5b0fa1cc44b072c11d3') in 0.014825 seconds 
  Import took 0.020034 seconds .

========================================================================
Received Import Request.
  Time since last request: 4.405193 seconds.
  path: Assets/Prefabs/2d draggable.prefab
  artifactKey: Guid(2a2828d15801d8e4d92c7359d3c8eac0) Importer(815301076,1909f56bfc062723c751e8b465ee728b)
Start importing Assets/Prefabs/2d draggable.prefab using Guid(2a2828d15801d8e4d92c7359d3c8eac0) Importer(815301076,1909f56bfc062723c751e8b465ee728b)  -> (artifact id: '00c60c73ca4df1148489ee19fdbd3914') in 0.013389 seconds 
  Import took 0.018734 seconds .

========================================================================
Received Import Request.
  Time since last request: 7.285067 seconds.
  path: Assets/Prefabs/2d draggable.prefab
  artifactKey: Guid(2a2828d15801d8e4d92c7359d3c8eac0) Importer(815301076,1909f56bfc062723c751e8b465ee728b)
Start importing Assets/Prefabs/2d draggable.prefab using Guid(2a2828d15801d8e4d92c7359d3c8eac0) Importer(815301076,1909f56bfc062723c751e8b465ee728b)  -> (artifact id: '6dc7859558c076cdb4109ce86437dac8') in 0.016075 seconds 
  Import took 0.020684 seconds .

========================================================================
Received Import Request.
  Time since last request: 41.647616 seconds.
  path: Assets/New Battery Image.asset
  artifactKey: Guid(67388607d3972a14392fe0adb97e4d10) Importer(815301076,1909f56bfc062723c751e8b465ee728b)
Start importing Assets/New Battery Image.asset using Guid(67388607d3972a14392fe0adb97e4d10) Importer(815301076,1909f56bfc062723c751e8b465ee728b)  -> (artifact id: '74dbfa7a257c530c446379f22169d343') in 0.008940 seconds 
  Import took 0.015035 seconds .

========================================================================
Received Import Request.
  Time since last request: 31.418002 seconds.
  path: Assets/New Battery Image.png
  artifactKey: Guid(446093dd9ea1b1240ab3f3d321070679) Importer(815301076,1909f56bfc062723c751e8b465ee728b)
Start importing Assets/New Battery Image.png using Guid(446093dd9ea1b1240ab3f3d321070679) Importer(815301076,1909f56bfc062723c751e8b465ee728b)  -> (artifact id: 'b82ba0db74e4633d24be7f896430bdb0') in 0.049778 seconds 
  Import took 0.055004 seconds .

========================================================================
Received Import Request.
  Time since last request: 26.949700 seconds.
  path: Assets/Prefabs/2d draggable.prefab
  artifactKey: Guid(2a2828d15801d8e4d92c7359d3c8eac0) Importer(815301076,1909f56bfc062723c751e8b465ee728b)
Start importing Assets/Prefabs/2d draggable.prefab using Guid(2a2828d15801d8e4d92c7359d3c8eac0) Importer(815301076,1909f56bfc062723c751e8b465ee728b)  -> (artifact id: '9204c0244760b082c0f09dc1a99804a3') in 0.015487 seconds 
  Import took 0.019653 seconds .

========================================================================
Received Import Request.
  Time since last request: 16.278836 seconds.
  path: Assets/Prefabs/2d draggable.prefab
  artifactKey: Guid(2a2828d15801d8e4d92c7359d3c8eac0) Importer(815301076,1909f56bfc062723c751e8b465ee728b)
Start importing Assets/Prefabs/2d draggable.prefab using Guid(2a2828d15801d8e4d92c7359d3c8eac0) Importer(815301076,1909f56bfc062723c751e8b465ee728b)  -> (artifact id: '085d2b33df92fd8feecf4f1803c027f0') in 0.015297 seconds 
  Import took 0.019985 seconds .

========================================================================
Received Import Request.
  Time since last request: 49.939819 seconds.
  path: Assets/New Battery Image.asset
  artifactKey: Guid(67388607d3972a14392fe0adb97e4d10) Importer(815301076,1909f56bfc062723c751e8b465ee728b)
Start importing Assets/New Battery Image.asset using Guid(67388607d3972a14392fe0adb97e4d10) Importer(815301076,1909f56bfc062723c751e8b465ee728b)  -> (artifact id: '51313c9c98135c43e7c29a05b6967fac') in 0.005735 seconds 
  Import took 0.010560 seconds .

========================================================================
Received Import Request.
  Time since last request: 0.000618 seconds.
  path: Assets/NN Battery Image.asset
  artifactKey: Guid(48172e3dafa6db74899ce8e3dee0a4fc) Importer(815301076,1909f56bfc062723c751e8b465ee728b)
Start importing Assets/NN Battery Image.asset using Guid(48172e3dafa6db74899ce8e3dee0a4fc) Importer(815301076,1909f56bfc062723c751e8b465ee728b)  -> (artifact id: '931dd02fedda5b3d0b2dce0c89d3b1b8') in 0.006256 seconds 
  Import took 0.011544 seconds .

========================================================================
Received Import Request.
  Time since last request: 164.923150 seconds.
  path: Assets/Prefabs/2d draggable.prefab
  artifactKey: Guid(2a2828d15801d8e4d92c7359d3c8eac0) Importer(815301076,1909f56bfc062723c751e8b465ee728b)
Start importing Assets/Prefabs/2d draggable.prefab using Guid(2a2828d15801d8e4d92c7359d3c8eac0) Importer(815301076,1909f56bfc062723c751e8b465ee728b)  -> (artifact id: '00dcd595d505a9368ccf05e43459be4a') in 0.014733 seconds 
  Import took 0.018749 seconds .

========================================================================
Received Import Request.
  Time since last request: 11.239540 seconds.
  path: Assets/Prefabs/2d draggable.prefab
  artifactKey: Guid(2a2828d15801d8e4d92c7359d3c8eac0) Importer(815301076,1909f56bfc062723c751e8b465ee728b)
Start importing Assets/Prefabs/2d draggable.prefab using Guid(2a2828d15801d8e4d92c7359d3c8eac0) Importer(815301076,1909f56bfc062723c751e8b465ee728b)  -> (artifact id: 'e4f84e5fde9612ef806d3d0a40fe55e5') in 0.014167 seconds 
  Import took 0.019098 seconds .

========================================================================
Received Prepare
Registering precompiled user dll's ...
Registered in 0.006982 seconds.
Begin MonoManager ReloadAssembly
Native extension for WindowsStandalone target not found
Refreshing native plugins compatible for Editor in 0.65 ms, found 3 plugins.
Preloading 0 native plugins for Editor in 0.00 ms.
Mono: successfully reloaded assembly
- Completed reload, in  1.096 seconds
Domain Reload Profiling:
	ReloadAssembly (1097ms)
		BeginReloadAssembly (115ms)
			ExecutionOrderSort (0ms)
			DisableScriptedObjects (5ms)
			BackupInstance (0ms)
			ReleaseScriptingObjects (0ms)
			CreateAndSetChildDomain (40ms)
		EndReloadAssembly (911ms)
			LoadAssemblies (94ms)
			RebuildTransferFunctionScriptingTraits (0ms)
			SetupTypeCache (337ms)
			ReleaseScriptCaches (2ms)
			RebuildScriptCaches (48ms)
			SetupLoadedEditorAssemblies (317ms)
				LogAssemblyErrors (0ms)
				InitializePlatformSupportModulesInManaged (5ms)
				SetLoadedEditorAssemblies (0ms)
				RefreshPlugins (1ms)
				BeforeProcessingInitializeOnLoad (93ms)
				ProcessInitializeOnLoadAttributes (197ms)
				ProcessInitializeOnLoadMethodAttributes (11ms)
				AfterProcessingInitializeOnLoad (10ms)
				EditorAssembliesLoaded (0ms)
			ExecutionOrderSort2 (0ms)
			AwakeInstancesAfterBackupRestoration (9ms)
Platform modules already initialized, skipping
Refreshing native plugins compatible for Editor in 0.66 ms, found 3 plugins.
Preloading 0 native plugins for Editor in 0.00 ms.
Unloading 2199 Unused Serialized files (Serialized files now loaded: 0)
System memory in use before: 98.9 MB.
System memory in use after: 99.0 MB.

Unloading 21 unused Assets to reduce memory usage. Loaded Objects now: 2672.
Total: 3.845900 ms (FindLiveObjects: 0.300100 ms CreateObjectMapping: 0.057600 ms MarkObjects: 3.390700 ms  DeleteObjects: 0.095800 ms)

AssetImportParameters requested are different than current active one (requested -> active):
  custom:framework-win-MediaFoundation: 216162199b28c13a410421893ffa2e32 -> 
  custom:video-decoder-ogg-theora: a1e56fd34408186e4bbccfd4996cb3dc -> 
  custom:container-muxer-webm: aa71ff27fc2769a1b78a27578f13a17b -> 
  custom:container-demuxer-webm: 4f35f7cbe854078d1ac9338744f61a02 -> 
  custom:container-demuxer-ogg: 62fdf1f143b41e24485cea50d1cbac27 -> 
  custom:video-encoder-webm-vp8: eb34c28f22e8b96e1ab97ce403110664 -> 
  custom:video-decoder-webm-vp8: 9c59270c3fd7afecdb556c50c9e8de78 -> 
  custom:audio-decoder-ogg-vorbis: bf7c407c2cedff20999df2af8eb42d56 -> 
  custom:audio-encoder-webm-vorbis: bf7c407c2cedff20999df2af8eb42d56 -> 
========================================================================
Received Import Request.
  Time since last request: 49.074003 seconds.
  path: Assets/Prefabs/2d draggable.prefab
  artifactKey: Guid(2a2828d15801d8e4d92c7359d3c8eac0) Importer(815301076,1909f56bfc062723c751e8b465ee728b)
Start importing Assets/Prefabs/2d draggable.prefab using Guid(2a2828d15801d8e4d92c7359d3c8eac0) Importer(815301076,1909f56bfc062723c751e8b465ee728b)  -> (artifact id: '42a4d6bced8f50fe725b918868c5fe5d') in 0.057218 seconds 
  Import took 0.061467 seconds .

========================================================================
Received Prepare
Registering precompiled user dll's ...
Registered in 0.009154 seconds.
Begin MonoManager ReloadAssembly
Native extension for WindowsStandalone target not found
Refreshing native plugins compatible for Editor in 0.61 ms, found 3 plugins.
Preloading 0 native plugins for Editor in 0.00 ms.
Mono: successfully reloaded assembly
- Completed reload, in  1.051 seconds
Domain Reload Profiling:
	ReloadAssembly (1051ms)
		BeginReloadAssembly (122ms)
			ExecutionOrderSort (0ms)
			DisableScriptedObjects (5ms)
			BackupInstance (0ms)
			ReleaseScriptingObjects (0ms)
			CreateAndSetChildDomain (39ms)
		EndReloadAssembly (857ms)
			LoadAssemblies (100ms)
			RebuildTransferFunctionScriptingTraits (0ms)
			SetupTypeCache (292ms)
			ReleaseScriptCaches (1ms)
			RebuildScriptCaches (41ms)
			SetupLoadedEditorAssemblies (316ms)
				LogAssemblyErrors (0ms)
				InitializePlatformSupportModulesInManaged (4ms)
				SetLoadedEditorAssemblies (0ms)
				RefreshPlugins (1ms)
				BeforeProcessingInitializeOnLoad (88ms)
				ProcessInitializeOnLoadAttributes (202ms)
				ProcessInitializeOnLoadMethodAttributes (11ms)
				AfterProcessingInitializeOnLoad (10ms)
				EditorAssembliesLoaded (0ms)
			ExecutionOrderSort2 (0ms)
			AwakeInstancesAfterBackupRestoration (8ms)
Platform modules already initialized, skipping
Refreshing native plugins compatible for Editor in 0.61 ms, found 3 plugins.
Preloading 0 native plugins for Editor in 0.00 ms.
Unloading 2199 Unused Serialized files (Serialized files now loaded: 0)
System memory in use before: 98.9 MB.
System memory in use after: 99.0 MB.

Unloading 19 unused Assets to reduce memory usage. Loaded Objects now: 2675.
Total: 4.120200 ms (FindLiveObjects: 0.372200 ms CreateObjectMapping: 0.057600 ms MarkObjects: 3.605400 ms  DeleteObjects: 0.082700 ms)

AssetImportParameters requested are different than current active one (requested -> active):
  custom:framework-win-MediaFoundation: 216162199b28c13a410421893ffa2e32 -> 
  custom:video-decoder-ogg-theora: a1e56fd34408186e4bbccfd4996cb3dc -> 
  custom:container-muxer-webm: aa71ff27fc2769a1b78a27578f13a17b -> 
  custom:container-demuxer-webm: 4f35f7cbe854078d1ac9338744f61a02 -> 
  custom:container-demuxer-ogg: 62fdf1f143b41e24485cea50d1cbac27 -> 
  custom:video-encoder-webm-vp8: eb34c28f22e8b96e1ab97ce403110664 -> 
  custom:video-decoder-webm-vp8: 9c59270c3fd7afecdb556c50c9e8de78 -> 
  custom:audio-decoder-ogg-vorbis: bf7c407c2cedff20999df2af8eb42d56 -> 
  custom:audio-encoder-webm-vorbis: bf7c407c2cedff20999df2af8eb42d56 -> 
========================================================================
Received Import Request.
  Time since last request: 42.605733 seconds.
  path: Assets/Prefabs/Battery Image.prefab
  artifactKey: Guid(d03a28a6ef0fbd74ab25836b39f495d8) Importer(815301076,1909f56bfc062723c751e8b465ee728b)
Start importing Assets/Prefabs/Battery Image.prefab using Guid(d03a28a6ef0fbd74ab25836b39f495d8) Importer(815301076,1909f56bfc062723c751e8b465ee728b)  -> (artifact id: '4755d6a15e55d7b5fc7e135b3554caef') in 0.062193 seconds 
  Import took 0.066500 seconds .

========================================================================
Received Import Request.
  Time since last request: 62.082367 seconds.
  path: Assets/Prefabs/2d draggable.prefab
  artifactKey: Guid(2a2828d15801d8e4d92c7359d3c8eac0) Importer(815301076,1909f56bfc062723c751e8b465ee728b)
Start importing Assets/Prefabs/2d draggable.prefab using Guid(2a2828d15801d8e4d92c7359d3c8eac0) Importer(815301076,1909f56bfc062723c751e8b465ee728b)  -> (artifact id: '1af3c3911cedc13e5266da420710a872') in 0.015682 seconds 
  Import took 0.021256 seconds .

========================================================================
Received Import Request.
  Time since last request: 3.664243 seconds.
  path: Assets/Prefabs/2d draggable.prefab
  artifactKey: Guid(2a2828d15801d8e4d92c7359d3c8eac0) Importer(815301076,1909f56bfc062723c751e8b465ee728b)
Start importing Assets/Prefabs/2d draggable.prefab using Guid(2a2828d15801d8e4d92c7359d3c8eac0) Importer(815301076,1909f56bfc062723c751e8b465ee728b)  -> (artifact id: '38fa6cca9be7ad4c6c7fc2d2964da0bb') in 0.018961 seconds 
  Import took 0.024772 seconds .

========================================================================
Received Import Request.
  Time since last request: 26.736370 seconds.
  path: Assets/Prefabs/2d draggable.prefab
  artifactKey: Guid(2a2828d15801d8e4d92c7359d3c8eac0) Importer(815301076,1909f56bfc062723c751e8b465ee728b)
Start importing Assets/Prefabs/2d draggable.prefab using Guid(2a2828d15801d8e4d92c7359d3c8eac0) Importer(815301076,1909f56bfc062723c751e8b465ee728b)  -> (artifact id: '9d3affa6cd33ee5bb59d5721cedeb76d') in 0.014823 seconds 
  Import took 0.020025 seconds .

========================================================================
Received Import Request.
  Time since last request: 173.390822 seconds.
  path: Assets/Prefabs/2d draggable.prefab
  artifactKey: Guid(2a2828d15801d8e4d92c7359d3c8eac0) Importer(815301076,1909f56bfc062723c751e8b465ee728b)
Start importing Assets/Prefabs/2d draggable.prefab using Guid(2a2828d15801d8e4d92c7359d3c8eac0) Importer(815301076,1909f56bfc062723c751e8b465ee728b)  -> (artifact id: 'b035220fc9581ddc9f79d3b3646cfae6') in 0.015107 seconds 
  Import took 0.020327 seconds .

========================================================================
Received Import Request.
  Time since last request: 27.369439 seconds.
  path: Assets/Prefabs/2d draggable.prefab
  artifactKey: Guid(2a2828d15801d8e4d92c7359d3c8eac0) Importer(815301076,1909f56bfc062723c751e8b465ee728b)
Start importing Assets/Prefabs/2d draggable.prefab using Guid(2a2828d15801d8e4d92c7359d3c8eac0) Importer(815301076,1909f56bfc062723c751e8b465ee728b)  -> (artifact id: '4cdba7ff379ea4a0e6a9acd8b22c2158') in 0.035560 seconds 
  Import took 0.041066 seconds .

========================================================================
Received Import Request.
  Time since last request: 77.296320 seconds.
  path: Assets/Prefabs/2d draggable.prefab
  artifactKey: Guid(2a2828d15801d8e4d92c7359d3c8eac0) Importer(815301076,1909f56bfc062723c751e8b465ee728b)
Start importing Assets/Prefabs/2d draggable.prefab using Guid(2a2828d15801d8e4d92c7359d3c8eac0) Importer(815301076,1909f56bfc062723c751e8b465ee728b)  -> (artifact id: 'c8b58c94d290be21f6e2968a25c5081b') in 0.019737 seconds 
  Import took 0.025124 seconds .

========================================================================
Received Import Request.
  Time since last request: 13.087681 seconds.
  path: Assets/Prefabs/2d draggable.prefab
  artifactKey: Guid(2a2828d15801d8e4d92c7359d3c8eac0) Importer(815301076,1909f56bfc062723c751e8b465ee728b)
Start importing Assets/Prefabs/2d draggable.prefab using Guid(2a2828d15801d8e4d92c7359d3c8eac0) Importer(815301076,1909f56bfc062723c751e8b465ee728b)  -> (artifact id: '8355eaaca2a0540b6a3fd283ace76201') in 0.011606 seconds 
  Import took 0.016453 seconds .

========================================================================
Received Prepare
Registering precompiled user dll's ...
Registered in 0.006402 seconds.
Begin MonoManager ReloadAssembly
Native extension for WindowsStandalone target not found
Refreshing native plugins compatible for Editor in 0.67 ms, found 3 plugins.
Preloading 0 native plugins for Editor in 0.00 ms.
Mono: successfully reloaded assembly
- Completed reload, in  1.060 seconds
Domain Reload Profiling:
	ReloadAssembly (1061ms)
		BeginReloadAssembly (111ms)
			ExecutionOrderSort (0ms)
			DisableScriptedObjects (6ms)
			BackupInstance (0ms)
			ReleaseScriptingObjects (0ms)
			CreateAndSetChildDomain (37ms)
		EndReloadAssembly (881ms)
			LoadAssemblies (94ms)
			RebuildTransferFunctionScriptingTraits (0ms)
			SetupTypeCache (318ms)
			ReleaseScriptCaches (1ms)
			RebuildScriptCaches (43ms)
			SetupLoadedEditorAssemblies (312ms)
				LogAssemblyErrors (0ms)
				InitializePlatformSupportModulesInManaged (4ms)
				SetLoadedEditorAssemblies (0ms)
				RefreshPlugins (1ms)
				BeforeProcessingInitializeOnLoad (95ms)
				ProcessInitializeOnLoadAttributes (189ms)
				ProcessInitializeOnLoadMethodAttributes (12ms)
				AfterProcessingInitializeOnLoad (10ms)
				EditorAssembliesLoaded (0ms)
			ExecutionOrderSort2 (0ms)
			AwakeInstancesAfterBackupRestoration (8ms)
Platform modules already initialized, skipping
Refreshing native plugins compatible for Editor in 0.62 ms, found 3 plugins.
Preloading 0 native plugins for Editor in 0.00 ms.
Unloading 2199 Unused Serialized files (Serialized files now loaded: 0)
System memory in use before: 98.9 MB.
System memory in use after: 99.1 MB.

Unloading 19 unused Assets to reduce memory usage. Loaded Objects now: 2678.
Total: 4.018300 ms (FindLiveObjects: 0.284900 ms CreateObjectMapping: 0.059400 ms MarkObjects: 3.587400 ms  DeleteObjects: 0.084700 ms)

AssetImportParameters requested are different than current active one (requested -> active):
  custom:framework-win-MediaFoundation: 216162199b28c13a410421893ffa2e32 -> 
  custom:video-decoder-ogg-theora: a1e56fd34408186e4bbccfd4996cb3dc -> 
  custom:container-muxer-webm: aa71ff27fc2769a1b78a27578f13a17b -> 
  custom:container-demuxer-webm: 4f35f7cbe854078d1ac9338744f61a02 -> 
  custom:container-demuxer-ogg: 62fdf1f143b41e24485cea50d1cbac27 -> 
  custom:video-encoder-webm-vp8: eb34c28f22e8b96e1ab97ce403110664 -> 
  custom:video-decoder-webm-vp8: 9c59270c3fd7afecdb556c50c9e8de78 -> 
  custom:audio-decoder-ogg-vorbis: bf7c407c2cedff20999df2af8eb42d56 -> 
  custom:audio-encoder-webm-vorbis: bf7c407c2cedff20999df2af8eb42d56 -> 
========================================================================
Received Import Request.
  Time since last request: 30.095665 seconds.
  path: Assets/Prefabs/2d draggable.prefab
  artifactKey: Guid(2a2828d15801d8e4d92c7359d3c8eac0) Importer(815301076,1909f56bfc062723c751e8b465ee728b)
Start importing Assets/Prefabs/2d draggable.prefab using Guid(2a2828d15801d8e4d92c7359d3c8eac0) Importer(815301076,1909f56bfc062723c751e8b465ee728b)  -> (artifact id: '7a5ecb36561e1457e5e871ec9f453bd9') in 0.056316 seconds 
  Import took 0.060796 seconds .

========================================================================
Received Import Request.
  Time since last request: 2.227413 seconds.
  path: Assets/Prefabs/2d draggable.prefab
  artifactKey: Guid(2a2828d15801d8e4d92c7359d3c8eac0) Importer(815301076,1909f56bfc062723c751e8b465ee728b)
Start importing Assets/Prefabs/2d draggable.prefab using Guid(2a2828d15801d8e4d92c7359d3c8eac0) Importer(815301076,1909f56bfc062723c751e8b465ee728b)  -> (artifact id: '08cd5d21f2e8df339b29a308166edc28') in 0.013149 seconds 
  Import took 0.017671 seconds .

========================================================================
Received Import Request.
  Time since last request: 14.699011 seconds.
  path: Assets/Prefabs/2d draggable.prefab
  artifactKey: Guid(2a2828d15801d8e4d92c7359d3c8eac0) Importer(815301076,1909f56bfc062723c751e8b465ee728b)
Start importing Assets/Prefabs/2d draggable.prefab using Guid(2a2828d15801d8e4d92c7359d3c8eac0) Importer(815301076,1909f56bfc062723c751e8b465ee728b)  -> (artifact id: 'cbeb51be2d5fdd3ee885fa9e56e8b914') in 0.017012 seconds 
  Import took 0.021574 seconds .

========================================================================
Received Import Request.
  Time since last request: 2.792488 seconds.
  path: Assets/Prefabs/2d draggable.prefab
  artifactKey: Guid(2a2828d15801d8e4d92c7359d3c8eac0) Importer(815301076,1909f56bfc062723c751e8b465ee728b)
Start importing Assets/Prefabs/2d draggable.prefab using Guid(2a2828d15801d8e4d92c7359d3c8eac0) Importer(815301076,1909f56bfc062723c751e8b465ee728b)  -> (artifact id: '62549f77a256e19e0da4180710c62653') in 0.012298 seconds 
  Import took 0.017152 seconds .

========================================================================
Received Import Request.
  Time since last request: 2.602222 seconds.
  path: Assets/Prefabs/2d draggable.prefab
  artifactKey: Guid(2a2828d15801d8e4d92c7359d3c8eac0) Importer(815301076,1909f56bfc062723c751e8b465ee728b)
Start importing Assets/Prefabs/2d draggable.prefab using Guid(2a2828d15801d8e4d92c7359d3c8eac0) Importer(815301076,1909f56bfc062723c751e8b465ee728b)  -> (artifact id: 'ca82b672c44bdb5431a7ba2a559fc79c') in 0.014139 seconds 
  Import took 0.018423 seconds .

========================================================================
Received Import Request.
  Time since last request: 5.829021 seconds.
  path: Assets/Prefabs/2d draggable.prefab
  artifactKey: Guid(2a2828d15801d8e4d92c7359d3c8eac0) Importer(815301076,1909f56bfc062723c751e8b465ee728b)
Start importing Assets/Prefabs/2d draggable.prefab using Guid(2a2828d15801d8e4d92c7359d3c8eac0) Importer(815301076,1909f56bfc062723c751e8b465ee728b)  -> (artifact id: '499a4fece9dacabc9569ccb62bd43e53') in 0.016187 seconds 
  Import took 0.021089 seconds .

========================================================================
Received Import Request.
  Time since last request: 4.006470 seconds.
  path: Assets/Prefabs/2d draggable.prefab
  artifactKey: Guid(2a2828d15801d8e4d92c7359d3c8eac0) Importer(815301076,1909f56bfc062723c751e8b465ee728b)
Start importing Assets/Prefabs/2d draggable.prefab using Guid(2a2828d15801d8e4d92c7359d3c8eac0) Importer(815301076,1909f56bfc062723c751e8b465ee728b)  -> (artifact id: 'a3dfc1a7216288aec175d242846cfb4a') in 0.013422 seconds 
  Import took 0.017823 seconds .

========================================================================
Received Import Request.
  Time since last request: 4.619359 seconds.
  path: Assets/Prefabs/2d draggable.prefab
  artifactKey: Guid(2a2828d15801d8e4d92c7359d3c8eac0) Importer(815301076,1909f56bfc062723c751e8b465ee728b)
Start importing Assets/Prefabs/2d draggable.prefab using Guid(2a2828d15801d8e4d92c7359d3c8eac0) Importer(815301076,1909f56bfc062723c751e8b465ee728b)  -> (artifact id: 'c2f9ad01907a947ec67b9153b7d6ffef') in 0.018090 seconds 
  Import took 0.022916 seconds .

========================================================================
Received Import Request.
  Time since last request: 20.293038 seconds.
  path: Assets/Scenes/Main Scene.unity
  artifactKey: Guid(b6eecc3b0c4f2d846a6963098c314b39) Importer(815301076,1909f56bfc062723c751e8b465ee728b)
Start importing Assets/Scenes/Main Scene.unity using Guid(b6eecc3b0c4f2d846a6963098c314b39) Importer(815301076,1909f56bfc062723c751e8b465ee728b)  -> (artifact id: '9c5922593ad32a0938859bf632132e55') in 0.006121 seconds 
  Import took 0.010242 seconds .

========================================================================
Received Import Request.
  Time since last request: 30.554847 seconds.
  path: Assets/Prefabs/2d draggable.prefab
  artifactKey: Guid(2a2828d15801d8e4d92c7359d3c8eac0) Importer(815301076,1909f56bfc062723c751e8b465ee728b)
Start importing Assets/Prefabs/2d draggable.prefab using Guid(2a2828d15801d8e4d92c7359d3c8eac0) Importer(815301076,1909f56bfc062723c751e8b465ee728b)  -> (artifact id: 'ad35ec222f2a014172b86b13f38c7002') in 0.015929 seconds 
  Import took 0.020677 seconds .

========================================================================
Received Import Request.
  Time since last request: 5.410707 seconds.
  path: Assets/Prefabs/2d draggable.prefab
  artifactKey: Guid(2a2828d15801d8e4d92c7359d3c8eac0) Importer(815301076,1909f56bfc062723c751e8b465ee728b)
Start importing Assets/Prefabs/2d draggable.prefab using Guid(2a2828d15801d8e4d92c7359d3c8eac0) Importer(815301076,1909f56bfc062723c751e8b465ee728b)  -> (artifact id: '83012ff94b3b58140bd3aceb92437114') in 0.013249 seconds 
  Import took 0.017951 seconds .

========================================================================
Received Import Request.
  Time since last request: 5.181462 seconds.
  path: Assets/Scenes/Main Scene.unity
  artifactKey: Guid(b6eecc3b0c4f2d846a6963098c314b39) Importer(815301076,1909f56bfc062723c751e8b465ee728b)
Start importing Assets/Scenes/Main Scene.unity using Guid(b6eecc3b0c4f2d846a6963098c314b39) Importer(815301076,1909f56bfc062723c751e8b465ee728b)  -> (artifact id: '8f786773601c793449ea07401a9f0b5c') in 0.005927 seconds 
  Import took 0.010317 seconds .

========================================================================
Received Prepare
Registering precompiled user dll's ...
Registered in 0.007056 seconds.
Begin MonoManager ReloadAssembly
Native extension for WindowsStandalone target not found
Refreshing native plugins compatible for Editor in 0.61 ms, found 3 plugins.
Preloading 0 native plugins for Editor in 0.00 ms.
Mono: successfully reloaded assembly
- Completed reload, in  1.090 seconds
Domain Reload Profiling:
	ReloadAssembly (1090ms)
		BeginReloadAssembly (126ms)
			ExecutionOrderSort (0ms)
			DisableScriptedObjects (6ms)
			BackupInstance (0ms)
			ReleaseScriptingObjects (0ms)
			CreateAndSetChildDomain (38ms)
		EndReloadAssembly (888ms)
			LoadAssemblies (100ms)
			RebuildTransferFunctionScriptingTraits (0ms)
			SetupTypeCache (335ms)
			ReleaseScriptCaches (1ms)
			RebuildScriptCaches (42ms)
			SetupLoadedEditorAssemblies (300ms)
				LogAssemblyErrors (0ms)
				InitializePlatformSupportModulesInManaged (4ms)
				SetLoadedEditorAssemblies (0ms)
				RefreshPlugins (1ms)
				BeforeProcessingInitializeOnLoad (88ms)
				ProcessInitializeOnLoadAttributes (185ms)
				ProcessInitializeOnLoadMethodAttributes (12ms)
				AfterProcessingInitializeOnLoad (10ms)
				EditorAssembliesLoaded (0ms)
			ExecutionOrderSort2 (0ms)
			AwakeInstancesAfterBackupRestoration (8ms)
Platform modules already initialized, skipping
Refreshing native plugins compatible for Editor in 0.62 ms, found 3 plugins.
Preloading 0 native plugins for Editor in 0.00 ms.
Unloading 2199 Unused Serialized files (Serialized files now loaded: 0)
System memory in use before: 99.0 MB.
System memory in use after: 99.1 MB.

Unloading 17 unused Assets to reduce memory usage. Loaded Objects now: 2681.
Total: 3.544700 ms (FindLiveObjects: 0.413000 ms CreateObjectMapping: 0.064700 ms MarkObjects: 3.044200 ms  DeleteObjects: 0.020300 ms)

AssetImportParameters requested are different than current active one (requested -> active):
  custom:framework-win-MediaFoundation: 216162199b28c13a410421893ffa2e32 -> 
  custom:video-decoder-ogg-theora: a1e56fd34408186e4bbccfd4996cb3dc -> 
  custom:container-muxer-webm: aa71ff27fc2769a1b78a27578f13a17b -> 
  custom:container-demuxer-webm: 4f35f7cbe854078d1ac9338744f61a02 -> 
  custom:container-demuxer-ogg: 62fdf1f143b41e24485cea50d1cbac27 -> 
  custom:video-encoder-webm-vp8: eb34c28f22e8b96e1ab97ce403110664 -> 
  custom:video-decoder-webm-vp8: 9c59270c3fd7afecdb556c50c9e8de78 -> 
  custom:audio-decoder-ogg-vorbis: bf7c407c2cedff20999df2af8eb42d56 -> 
  custom:audio-encoder-webm-vorbis: bf7c407c2cedff20999df2af8eb42d56 -> 
AssetImportWorkerClient::OnTransportError - code=2 error=End of file
